0 info it worked if it ends with ok
1 verbose cli [ '/usr/local/Cellar/node/5.0.0/bin/node',
1 verbose cli   '/usr/local/bin/npm',
1 verbose cli   'adduser' ]
2 info using npm@3.10.9
3 info using node@v6.9.2
4 verbose adduser before first PUT { _id: 'org.couchdb.user:skidxjq',
4 verbose adduser   name: 'skidxjq',
4 verbose adduser   password: 'XXXXX',
4 verbose adduser   email: 'skidxjq@126.com',
4 verbose adduser   type: 'user',
4 verbose adduser   roles: [],
4 verbose adduser   date: '2017-08-09T08:11:56.295Z' }
5 verbose request uri http://registry.cnpmjs.org/-/user/org.couchdb.user:skidxjq
6 verbose request new user, so can't send auth
7 info attempt registry request try #1 at 16:11:56
8 verbose request id f67a8f503fff2820
9 http request PUT http://registry.cnpmjs.org/-/user/org.couchdb.user:skidxjq
10 http 409 http://registry.cnpmjs.org/-/user/org.couchdb.user:skidxjq
11 verbose headers { server: 'nginx/1.4.6 (Ubuntu)',
11 verbose headers   date: 'Wed, 09 Aug 2017 08:11:58 GMT',
11 verbose headers   'content-type': 'application/json; charset=utf-8',
11 verbose headers   'content-length': '60',
11 verbose headers   connection: 'keep-alive',
11 verbose headers   'x-current-requests': '1',
11 verbose headers   'x-readtime': '44' }
12 verbose request invalidating /Users/skidxjq/.npm/registry.cnpmjs.org/-/user/org.couchdb.user_3Askidxjq on PUT
13 verbose adduser update existing user
14 verbose request uri http://registry.cnpmjs.org/-/user/org.couchdb.user:skidxjq?write=true
15 verbose request no auth needed
16 info attempt registry request try #1 at 16:11:58
17 http request GET http://registry.cnpmjs.org/-/user/org.couchdb.user:skidxjq?write=true
18 http 200 http://registry.cnpmjs.org/-/user/org.couchdb.user:skidxjq?write=true
19 verbose headers { server: 'nginx/1.4.6 (Ubuntu)',
19 verbose headers   date: 'Wed, 09 Aug 2017 08:11:59 GMT',
19 verbose headers   'content-type': 'application/json; charset=utf-8',
19 verbose headers   'transfer-encoding': 'chunked',
19 verbose headers   connection: 'keep-alive',
19 verbose headers   'x-current-requests': '1',
19 verbose headers   'x-readtime': '23',
19 verbose headers   'strict-transport-security': 'max-age=15768000',
19 verbose headers   'content-encoding': 'gzip' }
20 verbose adduser userobj { _id: 'org.couchdb.user:skidxjq',
20 verbose adduser   name: 'skidxjq',
20 verbose adduser   password: 'XXXXX',
20 verbose adduser   email: 'skidxjq@126.com',
20 verbose adduser   type: 'user',
20 verbose adduser   roles: [],
20 verbose adduser   date: '2017-08-09T08:11:56.295Z' }
21 verbose request uri http://registry.cnpmjs.org/-/user/org.couchdb.user:skidxjq/-rev/undefined
22 verbose request updating existing user; sending authorization
23 info attempt registry request try #1 at 16:11:59
24 http request PUT http://registry.cnpmjs.org/-/user/org.couchdb.user:skidxjq/-rev/undefined
25 http 401 http://registry.cnpmjs.org/-/user/org.couchdb.user:skidxjq/-rev/undefined
26 verbose headers { server: 'nginx/1.4.6 (Ubuntu)',
26 verbose headers   date: 'Wed, 09 Aug 2017 08:12:00 GMT',
26 verbose headers   'content-type': 'application/json; charset=utf-8',
26 verbose headers   'content-length': '47',
26 verbose headers   connection: 'keep-alive',
26 verbose headers   'x-current-requests': '1',
26 verbose headers   'x-readtime': '25' }
27 verbose request invalidating /Users/skidxjq/.npm/registry.cnpmjs.org/-/user/org.couchdb.user_3Askidxjq on PUT
28 verbose adduser back [ { Error: unauthorized Login first: -/user/org.couchdb.user:skidxjq/-rev/undefined
28 verbose adduser       at makeError (/usr/local/lib/node_modules/npm/node_modules/npm-registry-client/lib/request.js:302:12)
28 verbose adduser       at CachingRegistryClient.<anonymous> (/usr/local/lib/node_modules/npm/node_modules/npm-registry-client/lib/request.js:290:14)
28 verbose adduser       at Request._callback (/usr/local/lib/node_modules/npm/node_modules/npm-registry-client/lib/request.js:210:14)
28 verbose adduser       at Request.self.callback (/usr/local/lib/node_modules/npm/node_modules/request/request.js:187:22)
28 verbose adduser       at emitTwo (events.js:106:13)
28 verbose adduser       at Request.emit (events.js:191:7)
28 verbose adduser       at Request.<anonymous> (/usr/local/lib/node_modules/npm/node_modules/request/request.js:1048:10)
28 verbose adduser       at emitOne (events.js:96:13)
28 verbose adduser       at Request.emit (events.js:188:7)
28 verbose adduser       at IncomingMessage.<anonymous> (/usr/local/lib/node_modules/npm/node_modules/request/request.js:969:12) statusCode: 401, code: 'E401' },
28 verbose adduser   { error: 'unauthorized', reason: 'Login first' },
28 verbose adduser   '{"error":"unauthorized","reason":"Login first"}' ]
29 warn adduser Incorrect username or password
29 warn adduser You can reset your account by visiting:
29 warn adduser
29 warn adduser     https://npmjs.org/forgot
30 verbose stack Error: unauthorized Login first: -/user/org.couchdb.user:skidxjq/-rev/undefined
30 verbose stack     at makeError (/usr/local/lib/node_modules/npm/node_modules/npm-registry-client/lib/request.js:302:12)
30 verbose stack     at CachingRegistryClient.<anonymous> (/usr/local/lib/node_modules/npm/node_modules/npm-registry-client/lib/request.js:290:14)
30 verbose stack     at Request._callback (/usr/local/lib/node_modules/npm/node_modules/npm-registry-client/lib/request.js:210:14)
30 verbose stack     at Request.self.callback (/usr/local/lib/node_modules/npm/node_modules/request/request.js:187:22)
30 verbose stack     at emitTwo (events.js:106:13)
30 verbose stack     at Request.emit (events.js:191:7)
30 verbose stack     at Request.<anonymous> (/usr/local/lib/node_modules/npm/node_modules/request/request.js:1048:10)
30 verbose stack     at emitOne (events.js:96:13)
30 verbose stack     at Request.emit (events.js:188:7)
30 verbose stack     at IncomingMessage.<anonymous> (/usr/local/lib/node_modules/npm/node_modules/request/request.js:969:12)
31 verbose statusCode 401
32 verbose cwd /mac/Volumes/workspace/npm-test
33 error Darwin 15.5.0
34 error argv "/usr/local/Cellar/node/5.0.0/bin/node" "/usr/local/bin/npm" "adduser"
35 error node v6.9.2
36 error npm  v3.10.9
37 error code E401
38 error unauthorized Login first: -/user/org.couchdb.user:skidxjq/-rev/undefined
39 error If you need help, you may report this error at:
39 error     <https://github.com/npm/npm/issues>
40 verbose exit [ 1, true ]
